[debug] [2023-02-08T17:01:12.111Z] ----------------------------------------------------------------------
[debug] [2023-02-08T17:01:12.112Z] Command:       /usr/local/bin/node /usr/local/bin/firebase init
[debug] [2023-02-08T17:01:12.113Z] CLI Version:   11.8.0
[debug] [2023-02-08T17:01:12.113Z] Platform:      darwin
[debug] [2023-02-08T17:01:12.113Z] Node Version:  v18.12.1
[debug] [2023-02-08T17:01:12.113Z] Time:          Wed Feb 08 2023 22:31:12 GMT+0530 (India Standard Time)
[debug] [2023-02-08T17:01:12.113Z] ----------------------------------------------------------------------
[debug] 
[debug] [2023-02-08T17:01:12.115Z] >>> [apiv2][query] GET https://firebase-public.firebaseio.com/cli.json [none]
[debug] [2023-02-08T17:01:12.136Z] > command requires scopes: ["email","openid","https://www.googleapis.com/auth/cloudplatformprojects.readonly","https://www.googleapis.com/auth/firebase","https://www.googleapis.com/auth/cloud-platform"]
[debug] [2023-02-08T17:01:12.136Z] > authorizing via signed-in user (clrsclrsclrsclrsclrs@gmail.com)
[info] 
     ######## #### ########  ######## ########     ###     ######  ########
     ##        ##  ##     ## ##       ##     ##  ##   ##  ##       ##
     ######    ##  ########  ######   ########  #########  ######  ######
     ##        ##  ##    ##  ##       ##     ## ##     ##       ## ##
     ##       #### ##     ## ######## ########  ##     ##  ######  ########

You're about to initialize a Firebase project in this directory:

  /Users/bhushansharma/Programs/WebProgramming/ReactProjectBasedLearning/UdemyCourse/FinanceApp/myfinancetracker

[debug] [2023-02-08T17:01:20.628Z] <<< [apiv2][status] GET https://firebase-public.firebaseio.com/cli.json 200
[debug] [2023-02-08T17:01:20.628Z] <<< [apiv2][body] GET https://firebase-public.firebaseio.com/cli.json {"cloudBuildErrorAfter":1594252800000,"cloudBuildWarnAfter":1590019200000,"defaultNode10After":1594252800000,"minVersion":"3.0.5","node8DeploysDisabledAfter":1613390400000,"node8RuntimeDisabledAfter":1615809600000,"node8WarnAfter":1600128000000}
