[debug] [2023-01-30T09:05:00.986Z] ----------------------------------------------------------------------
[debug] [2023-01-30T09:05:00.987Z] Command:       /usr/local/bin/node /Users/bhushansharma/Programs/WebProgramming/Firebase_Node/node_modules/.bin/firebase emulators:start --only functions
[debug] [2023-01-30T09:05:00.987Z] CLI Version:   11.21.0
[debug] [2023-01-30T09:05:00.987Z] Platform:      darwin
[debug] [2023-01-30T09:05:00.987Z] Node Version:  v18.12.1
[debug] [2023-01-30T09:05:00.988Z] Time:          Mon Jan 30 2023 14:35:00 GMT+0530 (India Standard Time)
[debug] [2023-01-30T09:05:00.988Z] ----------------------------------------------------------------------
[debug] 
[debug] [2023-01-30T09:05:01.039Z] > command requires scopes: ["email","openid","https://www.googleapis.com/auth/cloudplatformprojects.readonly","https://www.googleapis.com/auth/firebase","https://www.googleapis.com/auth/cloud-platform"]
[debug] [2023-01-30T09:05:01.040Z] > authorizing via signed-in user (clrsclrsclrsclrsclrs@gmail.com)
[info] i  emulators: Starting emulators: functions {"metadata":{"emulator":{"name":"hub"},"message":"Starting emulators: functions"}}
[debug] [2023-01-30T09:05:01.231Z] [logging] Logging Emulator only supports listening on one address (127.0.0.1). Not listening on ::1
[debug] [2023-01-30T09:05:01.232Z] assigned listening specs for emulators {"user":{"hub":[{"address":"127.0.0.1","family":"IPv4","port":4400},{"address":"::1","family":"IPv6","port":4400}],"ui":[{"address":"127.0.0.1","family":"IPv4","port":4000},{"address":"::1","family":"IPv6","port":4000}],"logging":[{"address":"127.0.0.1","family":"IPv4","port":4500}]},"metadata":{"message":"assigned listening specs for emulators"}}
[debug] [2023-01-30T09:05:01.237Z] [hub] writing locator at /var/folders/81/snd2xxjd7nsfzkvqxdxtgwd80000gn/T/hub-fir-node-163db.json
[debug] [2023-01-30T09:05:01.362Z] [functions] Functions Emulator only supports listening on one address (127.0.0.1). Not listening on ::1
[debug] [2023-01-30T09:05:01.363Z] [eventarc] Eventarc Emulator only supports listening on one address (127.0.0.1). Not listening on ::1
[debug] [2023-01-30T09:05:01.363Z] late-assigned ports for functions and eventarc emulators {"user":{"hub":[{"address":"127.0.0.1","family":"IPv4","port":4400},{"address":"::1","family":"IPv6","port":4400}],"ui":[{"address":"127.0.0.1","family":"IPv4","port":4000},{"address":"::1","family":"IPv6","port":4000}],"logging":[{"address":"127.0.0.1","family":"IPv4","port":4500}],"functions":[{"address":"127.0.0.1","family":"IPv4","port":5001}],"eventarc":[{"address":"127.0.0.1","family":"IPv4","port":9299}]},"metadata":{"message":"late-assigned ports for functions and eventarc emulators"}}
[warn] ⚠  functions: The following emulators are not running, calls to these services from the Functions emulator will affect production: auth, firestore, database, hosting, pubsub, storage {"metadata":{"emulator":{"name":"functions"},"message":"The following emulators are not running, calls to these services from the Functions emulator will affect production: \u001b[1mauth, firestore, database, hosting, pubsub, storage\u001b[22m"}}
[warn] ⚠  Your requested "node" version "16" doesn't match your global version "18". Using node@18 from host. {"metadata":{"emulator":{"name":"functions"},"message":"Your requested \"node\" version \"16\" doesn't match your global version \"18\". Using node@18 from host."}}
[debug] [2023-01-30T09:05:01.370Z] defaultcredentials: writing to file /Users/bhushansharma/.config/firebase/clrsclrsclrsclrsclrs_gmail_com_application_default_credentials.json
[debug] [2023-01-30T09:05:01.376Z] Setting GAC to /Users/bhushansharma/.config/firebase/clrsclrsclrsclrsclrs_gmail_com_application_default_credentials.json {"metadata":{"emulator":{"name":"functions"},"message":"Setting GAC to /Users/bhushansharma/.config/firebase/clrsclrsclrsclrsclrs_gmail_com_application_default_credentials.json"}}
[debug] [2023-01-30T09:05:01.377Z] >>> [apiv2][query] GET https://firebase.googleapis.com/v1beta1/projects/fir-node-163db/adminSdkConfig [none]
[debug] [2023-01-30T09:05:02.404Z] <<< [apiv2][status] GET https://firebase.googleapis.com/v1beta1/projects/fir-node-163db/adminSdkConfig 200
[debug] [2023-01-30T09:05:02.404Z] <<< [apiv2][body] GET https://firebase.googleapis.com/v1beta1/projects/fir-node-163db/adminSdkConfig {"projectId":"fir-node-163db","storageBucket":"fir-node-163db.appspot.com"}
[info] i  ui: downloading ui-v1.11.2.zip... {"metadata":{"emulator":{"name":"ui"},"message":"downloading ui-v1.11.2.zip..."}}
[debug] [2023-01-30T09:05:02.423Z] >>> [apiv2][query] GET https://storage.googleapis.com/firebase-preview-drop/emulator/ui-v1.11.2.zip 
[debug] [2023-01-30T09:05:03.256Z] <<< [apiv2][status] GET https://storage.googleapis.com/firebase-preview-drop/emulator/ui-v1.11.2.zip 200
[debug] [2023-01-30T09:05:03.256Z] <<< [apiv2][body] GET https://storage.googleapis.com/firebase-preview-drop/emulator/ui-v1.11.2.zip [stream]
[info] i  ui: Removing outdated emulator files: ui-v1.9.0 {"metadata":{"emulator":{"name":"ui"},"message":"Removing outdated emulator files: ui-v1.9.0"}}
[info] i  ui: Removing outdated emulator files: ui-v1.9.0.zip {"metadata":{"emulator":{"name":"ui"},"message":"Removing outdated emulator files: ui-v1.9.0.zip"}}
[debug] [2023-01-30T09:05:26.628Z] Ignoring unsupported arg: auto_download {"metadata":{"emulator":{"name":"ui"},"message":"Ignoring unsupported arg: auto_download"}}
[debug] [2023-01-30T09:05:26.628Z] Ignoring unsupported arg: port {"metadata":{"emulator":{"name":"ui"},"message":"Ignoring unsupported arg: port"}}
[debug] [2023-01-30T09:05:26.628Z] Starting Emulator UI with command {"binary":"node","args":["/Users/bhushansharma/.cache/firebase/emulators/ui-v1.11.2/server/server.js"],"optionalArgs":[],"joinArgs":false} {"metadata":{"emulator":{"name":"ui"},"message":"Starting Emulator UI with command {\"binary\":\"node\",\"args\":[\"/Users/bhushansharma/.cache/firebase/emulators/ui-v1.11.2/server/server.js\"],\"optionalArgs\":[],\"joinArgs\":false}"}}
[info] i  ui: Emulator UI logging to ui-debug.log {"metadata":{"emulator":{"name":"ui"},"message":"Emulator UI logging to \u001b[1mui-debug.log\u001b[22m"}}
[debug] [2023-01-30T09:05:26.719Z] Web / API server started at 127.0.0.1:4000
 {"metadata":{"emulator":{"name":"ui"},"message":"Web / API server started at 127.0.0.1:4000\n"}}
[debug] [2023-01-30T09:05:26.719Z] Web / API server started at ::1:4000
 {"metadata":{"emulator":{"name":"ui"},"message":"Web / API server started at ::1:4000\n"}}
[info] i  functions: Watching "/Users/bhushansharma/Programs/WebProgramming/Firebase_Node/functions" for Cloud Functions... {"metadata":{"emulator":{"name":"functions"},"message":"Watching \"/Users/bhushansharma/Programs/WebProgramming/Firebase_Node/functions\" for Cloud Functions..."}}
[debug] [2023-01-30T09:05:26.901Z] Validating nodejs source
[warn] ⚠  functions: package.json indicates an outdated version of firebase-functions. Please upgrade using npm install --save firebase-functions@latest in your functions directory. 
[warn] ⚠  functions: Please note that there will be breaking changes when you upgrade. 
[debug] [2023-01-30T09:05:27.782Z] > [functions] package.json contents: {
  "name": "functions",
  "description": "Cloud Functions for Firebase",
  "scripts": {
    "lint": "eslint .",
    "serve": "firebase emulators:start --only functions",
    "shell": "firebase functions:shell",
    "start": "npm run shell",
    "deploy": "firebase deploy --only functions",
    "logs": "firebase functions:log"
  },
  "engines": {
    "node": "16"
  },
  "main": "index.js",
  "dependencies": {
    "firebase-admin": "^10.0.2",
    "firebase-functions": "^3.18.0"
  },
  "devDependencies": {
    "eslint": "^8.9.0",
    "eslint-config-google": "^0.14.0",
    "firebase-functions-test": "^0.2.0"
  },
  "private": true
}
[debug] [2023-01-30T09:05:27.782Z] Building nodejs source
[debug] [2023-01-30T09:05:27.785Z] Could not find functions.yaml. Must use http discovery
[debug] [2023-01-30T09:05:28.389Z] Serving at port 9005

[debug] [2023-01-30T09:05:28.420Z] Got response from /__/functions.yaml {"endpoints":{"app":{"platform":"gcfv1","httpsTrigger":{},"entryPoint":"app"}},"specVersion":"v1alpha1","requiredAPIs":[]}
[debug] [2023-01-30T09:05:28.425Z] shutdown requested via /__/quitquitquit

[info] ✔  functions: Loaded functions definitions from source: app. {"metadata":{"emulator":{"name":"functions"},"message":"Loaded functions definitions from source: app."}}
[info] ✔  functions[us-central1-app]: http function initialized (http://127.0.0.1:5001/fir-node-163db/us-central1/app). {"metadata":{"emulator":{"name":"functions"},"message":"\u001b[1mhttp\u001b[22m function initialized (http://127.0.0.1:5001/fir-node-163db/us-central1/app)."}}
[info] 
┌─────────────────────────────────────────────────────────────┐
│ ✔  All emulators ready! It is now safe to connect your app. │
│ i  View Emulator UI at http://127.0.0.1:4000/               │
└─────────────────────────────────────────────────────────────┘

┌───────────┬────────────────┬─────────────────────────────────┐
│ Emulator  │ Host:Port      │ View in Emulator UI             │
├───────────┼────────────────┼─────────────────────────────────┤
│ Functions │ 127.0.0.1:5001 │ http://127.0.0.1:4000/functions │
└───────────┴────────────────┴─────────────────────────────────┘
  Emulator Hub running at 127.0.0.1:4400
  Other reserved ports: 4500

Issues? Report them at https://github.com/firebase/firebase-tools/issues and attach the *-debug.log files.
 
[debug] [2023-01-30T09:20:29.584Z] Functions emulator received unknown request at path /
[debug] [2023-01-30T09:20:29.710Z] Functions emulator received unknown request at path /favicon.ico
[debug] [2023-01-30T09:21:30.344Z] File /Users/bhushansharma/Programs/WebProgramming/Firebase_Node/functions/index.js changed, reloading triggers {"metadata":{"emulator":{"name":"functions"},"message":"File /Users/bhushansharma/Programs/WebProgramming/Firebase_Node/functions/index.js changed, reloading triggers"}}
[debug] [2023-01-30T09:21:31.347Z] Validating nodejs source
[warn] ⚠  functions: package.json indicates an outdated version of firebase-functions. Please upgrade using npm install --save firebase-functions@latest in your functions directory. 
[warn] ⚠  functions: Please note that there will be breaking changes when you upgrade. 
[debug] [2023-01-30T09:21:32.442Z] > [functions] package.json contents: {
  "name": "functions",
  "description": "Cloud Functions for Firebase",
  "scripts": {
    "lint": "eslint .",
    "serve": "firebase emulators:start --only functions",
    "shell": "firebase functions:shell",
    "start": "npm run shell",
    "deploy": "firebase deploy --only functions",
    "logs": "firebase functions:log"
  },
  "engines": {
    "node": "16"
  },
  "main": "index.js",
  "dependencies": {
    "firebase-admin": "^10.0.2",
    "firebase-functions": "^3.18.0"
  },
  "devDependencies": {
    "eslint": "^8.9.0",
    "eslint-config-google": "^0.14.0",
    "firebase-functions-test": "^0.2.0"
  },
  "private": true
}
[debug] [2023-01-30T09:21:32.442Z] Building nodejs source
[debug] [2023-01-30T09:21:32.443Z] Could not find functions.yaml. Must use http discovery
[debug] [2023-01-30T09:21:32.543Z] Serving at port 9005

[debug] [2023-01-30T09:21:32.572Z] Got response from /__/functions.yaml {"endpoints":{"app":{"platform":"gcfv1","httpsTrigger":{},"entryPoint":"app"}},"specVersion":"v1alpha1","requiredAPIs":[]}
[debug] [2023-01-30T09:21:32.574Z] shutdown requested via /__/quitquitquit

[info] ✔  functions: Loaded functions definitions from source: app. {"metadata":{"emulator":{"name":"functions"},"message":"Loaded functions definitions from source: app."}}
[debug] [2023-01-30T09:26:28.873Z] [work-queue] {"queuedWork":["/fir-node-163db/us-central1/app-2023-01-30T09:26:28.873Z"],"queueLength":1,"runningWork":[],"workRunningCount":0}
[debug] [2023-01-30T09:26:28.873Z] [work-queue] {"queuedWork":[],"queueLength":0,"runningWork":["/fir-node-163db/us-central1/app-2023-01-30T09:26:28.873Z"],"workRunningCount":1}
[debug] [2023-01-30T09:26:28.874Z] Accepted request GET /fir-node-163db/us-central1/app --> us-central1-app
[debug] [2023-01-30T09:26:28.878Z] [functions] Runtime ready! Sending request! {"metadata":{"emulator":{"name":"functions"},"message":"[functions] Runtime ready! Sending request!"}}
[debug] [2023-01-30T09:26:28.878Z] [functions] Got req.url=/fir-node-163db/us-central1/app, mapping to path=/ {"metadata":{"emulator":{"name":"functions"},"message":"[functions] Got req.url=/fir-node-163db/us-central1/app, mapping to path=/"}}
[debug] [2023-01-30T09:26:28.886Z] [worker-pool] addWorker(us-central1-app) {"metadata":{"emulator":{"name":"functions"},"message":"[worker-pool] addWorker(us-central1-app)"}}
[debug] [2023-01-30T09:26:28.886Z] [worker-pool] Adding worker with key us-central1-app, total=1 {"metadata":{"emulator":{"name":"functions"},"message":"[worker-pool] Adding worker with key us-central1-app, total=1"}}
[debug] [2023-01-30T09:26:29.408Z] [runtime-status] [7269] Resolved module firebase-admin {"declared":true,"installed":true,"version":"10.3.0","resolution":"/Users/bhushansharma/Programs/WebProgramming/Firebase_Node/functions/node_modules/firebase-admin/lib/index.js"} {"metadata":{"emulator":{"name":"functions"},"function":{"name":"us-central1-app"},"extension":{},"message":"[runtime-status] [7269] Resolved module firebase-admin {\"declared\":true,\"installed\":true,\"version\":\"10.3.0\",\"resolution\":\"/Users/bhushansharma/Programs/WebProgramming/Firebase_Node/functions/node_modules/firebase-admin/lib/index.js\"}"}}
[debug] [2023-01-30T09:26:29.409Z] [runtime-status] [7269] Resolved module firebase-functions {"declared":true,"installed":true,"version":"3.24.1","resolution":"/Users/bhushansharma/Programs/WebProgramming/Firebase_Node/functions/node_modules/firebase-functions/lib/index.js"} {"metadata":{"emulator":{"name":"functions"},"function":{"name":"us-central1-app"},"extension":{},"message":"[runtime-status] [7269] Resolved module firebase-functions {\"declared\":true,\"installed\":true,\"version\":\"3.24.1\",\"resolution\":\"/Users/bhushansharma/Programs/WebProgramming/Firebase_Node/functions/node_modules/firebase-functions/lib/index.js\"}"}}
[debug] [2023-01-30T09:26:29.409Z] [runtime-status] [7269] Outgoing network have been stubbed. [{"name":"http","status":"mocked"},{"name":"http","status":"mocked"},{"name":"https","status":"mocked"},{"name":"https","status":"mocked"},{"name":"net","status":"mocked"}] {"metadata":{"emulator":{"name":"functions"},"function":{"name":"us-central1-app"},"extension":{},"message":"[runtime-status] [7269] Outgoing network have been stubbed. [{\"name\":\"http\",\"status\":\"mocked\"},{\"name\":\"http\",\"status\":\"mocked\"},{\"name\":\"https\",\"status\":\"mocked\"},{\"name\":\"https\",\"status\":\"mocked\"},{\"name\":\"net\",\"status\":\"mocked\"}]"}}
[debug] [2023-01-30T09:26:29.409Z] [runtime-status] [7269] Resolved module firebase-functions {"declared":true,"installed":true,"version":"3.24.1","resolution":"/Users/bhushansharma/Programs/WebProgramming/Firebase_Node/functions/node_modules/firebase-functions/lib/index.js"} {"metadata":{"emulator":{"name":"functions"},"function":{"name":"us-central1-app"},"extension":{},"message":"[runtime-status] [7269] Resolved module firebase-functions {\"declared\":true,\"installed\":true,\"version\":\"3.24.1\",\"resolution\":\"/Users/bhushansharma/Programs/WebProgramming/Firebase_Node/functions/node_modules/firebase-functions/lib/index.js\"}"}}
[debug] [2023-01-30T09:26:29.430Z] [runtime-status] [7269] Checked functions.config() {"config":{}} {"metadata":{"emulator":{"name":"functions"},"function":{"name":"us-central1-app"},"extension":{},"message":"[runtime-status] [7269] Checked functions.config() {\"config\":{}}"}}
[debug] [2023-01-30T09:26:29.430Z] [runtime-status] [7269] firebase-functions has been stubbed. {"functionsResolution":{"declared":true,"installed":true,"version":"3.24.1","resolution":"/Users/bhushansharma/Programs/WebProgramming/Firebase_Node/functions/node_modules/firebase-functions/lib/index.js"}} {"metadata":{"emulator":{"name":"functions"},"function":{"name":"us-central1-app"},"extension":{},"message":"[runtime-status] [7269] firebase-functions has been stubbed. {\"functionsResolution\":{\"declared\":true,\"installed\":true,\"version\":\"3.24.1\",\"resolution\":\"/Users/bhushansharma/Programs/WebProgramming/Firebase_Node/functions/node_modules/firebase-functions/lib/index.js\"}}"}}
[debug] [2023-01-30T09:26:29.430Z] [runtime-status] [7269] Resolved module firebase-functions {"declared":true,"installed":true,"version":"3.24.1","resolution":"/Users/bhushansharma/Programs/WebProgramming/Firebase_Node/functions/node_modules/firebase-functions/lib/index.js"} {"metadata":{"emulator":{"name":"functions"},"function":{"name":"us-central1-app"},"extension":{},"message":"[runtime-status] [7269] Resolved module firebase-functions {\"declared\":true,\"installed\":true,\"version\":\"3.24.1\",\"resolution\":\"/Users/bhushansharma/Programs/WebProgramming/Firebase_Node/functions/node_modules/firebase-functions/lib/index.js\"}"}}
[debug] [2023-01-30T09:26:29.433Z] [runtime-status] [7269] Resolved module firebase-admin {"declared":true,"installed":true,"version":"10.3.0","resolution":"/Users/bhushansharma/Programs/WebProgramming/Firebase_Node/functions/node_modules/firebase-admin/lib/index.js"} {"metadata":{"emulator":{"name":"functions"},"function":{"name":"us-central1-app"},"extension":{},"message":"[runtime-status] [7269] Resolved module firebase-admin {\"declared\":true,\"installed\":true,\"version\":\"10.3.0\",\"resolution\":\"/Users/bhushansharma/Programs/WebProgramming/Firebase_Node/functions/node_modules/firebase-admin/lib/index.js\"}"}}
[debug] [2023-01-30T09:26:29.433Z] [runtime-status] [7269] Resolved module firebase-functions {"declared":true,"installed":true,"version":"3.24.1","resolution":"/Users/bhushansharma/Programs/WebProgramming/Firebase_Node/functions/node_modules/firebase-functions/lib/index.js"} {"metadata":{"emulator":{"name":"functions"},"function":{"name":"us-central1-app"},"extension":{},"message":"[runtime-status] [7269] Resolved module firebase-functions {\"declared\":true,\"installed\":true,\"version\":\"3.24.1\",\"resolution\":\"/Users/bhushansharma/Programs/WebProgramming/Firebase_Node/functions/node_modules/firebase-functions/lib/index.js\"}"}}
[debug] [2023-01-30T09:26:29.433Z] [runtime-status] [7269] firebase-admin has been stubbed. {"adminResolution":{"declared":true,"installed":true,"version":"10.3.0","resolution":"/Users/bhushansharma/Programs/WebProgramming/Firebase_Node/functions/node_modules/firebase-admin/lib/index.js"}} {"metadata":{"emulator":{"name":"functions"},"function":{"name":"us-central1-app"},"extension":{},"message":"[runtime-status] [7269] firebase-admin has been stubbed. {\"adminResolution\":{\"declared\":true,\"installed\":true,\"version\":\"10.3.0\",\"resolution\":\"/Users/bhushansharma/Programs/WebProgramming/Firebase_Node/functions/node_modules/firebase-admin/lib/index.js\"}}"}}
[debug] [2023-01-30T09:26:29.473Z] [runtime-status] [7269] Functions runtime initialized. {"cwd":"/Users/bhushansharma/Programs/WebProgramming/Firebase_Node/functions","node_version":"18.12.1"} {"metadata":{"emulator":{"name":"functions"},"function":{"name":"us-central1-app"},"extension":{},"message":"[runtime-status] [7269] Functions runtime initialized. {\"cwd\":\"/Users/bhushansharma/Programs/WebProgramming/Firebase_Node/functions\",\"node_version\":\"18.12.1\"}"}}
[debug] [2023-01-30T09:26:29.473Z] [runtime-status] [7269] Listening to port: /var/folders/81/snd2xxjd7nsfzkvqxdxtgwd80000gn/T/fire_emu_76e592bf1a886391.sock {"metadata":{"emulator":{"name":"functions"},"function":{"name":"us-central1-app"},"extension":{},"message":"[runtime-status] [7269] Listening to port: /var/folders/81/snd2xxjd7nsfzkvqxdxtgwd80000gn/T/fire_emu_76e592bf1a886391.sock"}}
[debug] [2023-01-30T09:26:29.496Z] [worker-us-central1-app-0377faae-f8df-4f1c-aa0d-70413757b05a]: IDLE {"metadata":{"emulator":{"name":"functions"},"message":"[worker-us-central1-app-0377faae-f8df-4f1c-aa0d-70413757b05a]: IDLE"}}
[debug] [2023-01-30T09:26:29.496Z] [worker-pool] submitRequest(triggerId=us-central1-app) {"metadata":{"emulator":{"name":"functions"},"message":"[worker-pool] submitRequest(triggerId=us-central1-app)"}}
[debug] [2023-01-30T09:26:29.496Z] [worker-us-central1-app-0377faae-f8df-4f1c-aa0d-70413757b05a]: BUSY {"metadata":{"emulator":{"name":"functions"},"message":"[worker-us-central1-app-0377faae-f8df-4f1c-aa0d-70413757b05a]: BUSY"}}
[info] i  functions: Beginning execution of "app" {"metadata":{"emulator":{"name":"functions"},"function":{"name":"us-central1-app"},"extension":{},"message":"Beginning execution of \"app\""}}
[debug] [2023-01-30T09:26:29.499Z] [worker-us-central1-app-0377faae-f8df-4f1c-aa0d-70413757b05a]: IDLE {"metadata":{"emulator":{"name":"functions"},"message":"[worker-us-central1-app-0377faae-f8df-4f1c-aa0d-70413757b05a]: IDLE"}}
[debug] [2023-01-30T09:26:29.499Z] [work-queue] {"queuedWork":[],"queueLength":0,"runningWork":[],"workRunningCount":0}
[info] i  functions: Finished "app" in 1.301042ms {"metadata":{"emulator":{"name":"functions"},"function":{"name":"us-central1-app"},"extension":{},"message":"Finished \"app\" in 1.301042ms"}}
[debug] [2023-01-30T09:30:26.448Z] [work-queue] {"queuedWork":["/fir-node-163db/us-central1/app-2023-01-30T09:30:26.448Z"],"queueLength":1,"runningWork":[],"workRunningCount":0}
[debug] [2023-01-30T09:30:26.448Z] [work-queue] {"queuedWork":[],"queueLength":0,"runningWork":["/fir-node-163db/us-central1/app-2023-01-30T09:30:26.448Z"],"workRunningCount":1}
[debug] [2023-01-30T09:30:26.448Z] Accepted request GET /fir-node-163db/us-central1/app --> us-central1-app
[debug] [2023-01-30T09:30:26.451Z] [functions] Runtime ready! Sending request! {"metadata":{"emulator":{"name":"functions"},"message":"[functions] Runtime ready! Sending request!"}}
[debug] [2023-01-30T09:30:26.451Z] [functions] Got req.url=/fir-node-163db/us-central1/app, mapping to path=/ {"metadata":{"emulator":{"name":"functions"},"message":"[functions] Got req.url=/fir-node-163db/us-central1/app, mapping to path=/"}}
[debug] [2023-01-30T09:30:26.451Z] [worker-pool] submitRequest(triggerId=us-central1-app) {"metadata":{"emulator":{"name":"functions"},"message":"[worker-pool] submitRequest(triggerId=us-central1-app)"}}
[debug] [2023-01-30T09:30:26.451Z] [worker-us-central1-app-0377faae-f8df-4f1c-aa0d-70413757b05a]: BUSY {"metadata":{"emulator":{"name":"functions"},"message":"[worker-us-central1-app-0377faae-f8df-4f1c-aa0d-70413757b05a]: BUSY"}}
[info] i  functions: Beginning execution of "app" {"metadata":{"emulator":{"name":"functions"},"function":{"name":"us-central1-app"},"extension":{},"message":"Beginning execution of \"app\""}}
[debug] [2023-01-30T09:30:26.454Z] [worker-us-central1-app-0377faae-f8df-4f1c-aa0d-70413757b05a]: IDLE {"metadata":{"emulator":{"name":"functions"},"message":"[worker-us-central1-app-0377faae-f8df-4f1c-aa0d-70413757b05a]: IDLE"}}
[debug] [2023-01-30T09:30:26.454Z] [work-queue] {"queuedWork":[],"queueLength":0,"runningWork":[],"workRunningCount":0}
[info] i  functions: Finished "app" in 0.658ms {"metadata":{"emulator":{"name":"functions"},"function":{"name":"us-central1-app"},"extension":{},"message":"Finished \"app\" in 0.658ms"}}
[debug] [2023-01-30T09:41:14.511Z] File /Users/bhushansharma/Programs/WebProgramming/Firebase_Node/functions/index.js changed, reloading triggers {"metadata":{"emulator":{"name":"functions"},"message":"File /Users/bhushansharma/Programs/WebProgramming/Firebase_Node/functions/index.js changed, reloading triggers"}}
[debug] [2023-01-30T09:41:15.513Z] Validating nodejs source
[warn] ⚠  functions: package.json indicates an outdated version of firebase-functions. Please upgrade using npm install --save firebase-functions@latest in your functions directory. 
[warn] ⚠  functions: Please note that there will be breaking changes when you upgrade. 
[debug] [2023-01-30T09:41:16.583Z] > [functions] package.json contents: {
  "name": "functions",
  "description": "Cloud Functions for Firebase",
  "scripts": {
    "lint": "eslint .",
    "serve": "firebase emulators:start --only functions",
    "shell": "firebase functions:shell",
    "start": "npm run shell",
    "deploy": "firebase deploy --only functions",
    "logs": "firebase functions:log"
  },
  "engines": {
    "node": "16"
  },
  "main": "index.js",
  "dependencies": {
    "firebase-admin": "^10.0.2",
    "firebase-functions": "^3.18.0"
  },
  "devDependencies": {
    "eslint": "^8.9.0",
    "eslint-config-google": "^0.14.0",
    "firebase-functions-test": "^0.2.0"
  },
  "private": true
}
[debug] [2023-01-30T09:41:16.583Z] Building nodejs source
[debug] [2023-01-30T09:41:16.584Z] Could not find functions.yaml. Must use http discovery
[debug] [2023-01-30T09:41:16.695Z] Serving at port 9005

[debug] [2023-01-30T09:41:16.723Z] Got response from /__/functions.yaml {"endpoints":{"app":{"platform":"gcfv1","httpsTrigger":{},"entryPoint":"app"}},"specVersion":"v1alpha1","requiredAPIs":[]}
[debug] [2023-01-30T09:41:16.725Z] shutdown requested via /__/quitquitquit

[info] ✔  functions: Loaded functions definitions from source: app. {"metadata":{"emulator":{"name":"functions"},"message":"Loaded functions definitions from source: app."}}
[debug] [2023-01-30T09:41:16.729Z] [worker-pool] Shutting down IDLE worker (us-central1-app) {"metadata":{"emulator":{"name":"functions"},"message":"[worker-pool] Shutting down IDLE worker (us-central1-app)"}}
[debug] [2023-01-30T09:41:16.729Z] [worker-us-central1-app-0377faae-f8df-4f1c-aa0d-70413757b05a]: FINISHING {"metadata":{"emulator":{"name":"functions"},"message":"[worker-us-central1-app-0377faae-f8df-4f1c-aa0d-70413757b05a]: FINISHING"}}
[debug] [2023-01-30T09:41:16.731Z] [worker-us-central1-app-0377faae-f8df-4f1c-aa0d-70413757b05a]: exited {"metadata":{"emulator":{"name":"functions"},"message":"[worker-us-central1-app-0377faae-f8df-4f1c-aa0d-70413757b05a]: exited"}}
[debug] [2023-01-30T09:41:16.731Z] [worker-us-central1-app-0377faae-f8df-4f1c-aa0d-70413757b05a]: FINISHED {"metadata":{"emulator":{"name":"functions"},"message":"[worker-us-central1-app-0377faae-f8df-4f1c-aa0d-70413757b05a]: FINISHED"}}
[debug] [2023-01-30T09:41:35.022Z] Received signal SIGINT (Ctrl-C) 1
[info]  
[info] i  emulators: Received SIGINT (Ctrl-C) for the first time. Starting a clean shutdown. 
[info] i  emulators: Please wait for a clean shutdown or send the SIGINT (Ctrl-C) signal again to stop right now. 
[info] i  emulators: Shutting down emulators. {"metadata":{"emulator":{"name":"hub"},"message":"Shutting down emulators."}}
[info] i  ui: Stopping Emulator UI {"metadata":{"emulator":{"name":"ui"},"message":"Stopping Emulator UI"}}
[debug] [2023-01-30T09:41:35.025Z] Ignoring signal SIGINT due to short delay of 3ms
[warn] ⚠  Emulator UI has exited upon receiving signal: SIGINT 
[info] i  functions: Stopping Functions Emulator {"metadata":{"emulator":{"name":"functions"},"message":"Stopping Functions Emulator"}}
[info] i  eventarc: Stopping Eventarc Emulator {"metadata":{"emulator":{"name":"eventarc"},"message":"Stopping Eventarc Emulator"}}
[info] i  hub: Stopping emulator hub {"metadata":{"emulator":{"name":"hub"},"message":"Stopping emulator hub"}}
[info] i  logging: Stopping Logging Emulator {"metadata":{"emulator":{"name":"logging"},"message":"Stopping Logging Emulator"}}
[debug] [2023-01-30T09:41:36.910Z] Received signal SIGINT (Ctrl-C) 2
[info]  
[debug] [2023-01-30T09:41:36.910Z] Skipping clean onExit() and cleanShutdown()
[warn] ⚠  emulators: Received SIGINT (Ctrl-C) 2 times. You have forced the Emulator Suite to exit without waiting for 0 subprocess to finish. These processes may still be running on your machine:  
[info] 
┌──────────┬───────────┬─────┐
│ Emulator │ Host:Port │ PID │
└──────────┴───────────┴─────┘

To force them to exit run:

[info] kill 

[debug] [2023-01-30T09:41:36.912Z] Ignoring signal SIGINT due to short delay of 2ms
[debug] [2023-01-30T09:41:37.708Z] Received signal SIGINT (Ctrl-C) 3
[info]  
[debug] [2023-01-30T09:41:37.708Z] Skipping clean onExit() and cleanShutdown()
[warn] ⚠  emulators: Received SIGINT (Ctrl-C) 3 times. You have forced the Emulator Suite to exit without waiting for 0 subprocess to finish. These processes may still be running on your machine:  
[info] 
┌──────────┬───────────┬─────┐
│ Emulator │ Host:Port │ PID │
└──────────┴───────────┴─────┘

To force them to exit run:

[info] kill 

[debug] [2023-01-30T09:41:37.710Z] Ignoring signal SIGINT due to short delay of 2ms
[debug] [2023-01-30T09:41:38.130Z] Received signal SIGINT (Ctrl-C) 4
[info]  
[debug] [2023-01-30T09:41:38.131Z] Skipping clean onExit() and cleanShutdown()
[warn] ⚠  emulators: Received SIGINT (Ctrl-C) 4 times. You have forced the Emulator Suite to exit without waiting for 0 subprocess to finish. These processes may still be running on your machine:  
[info] 
┌──────────┬───────────┬─────┐
│ Emulator │ Host:Port │ PID │
└──────────┴───────────┴─────┘

To force them to exit run:

[info] kill 

[debug] [2023-01-30T09:41:38.132Z] Ignoring signal SIGINT due to short delay of 2ms
[debug] [2023-01-30T09:41:45.050Z] Error: Timed out.
    at Timeout._onTimeout (/Users/bhushansharma/Programs/WebProgramming/Firebase_Node/node_modules/firebase-tools/lib/utils.js:253:49)
    at listOnTimeout (node:internal/timers:564:17)
    at process.processTimers (node:internal/timers:507:7)
[error] 
[error] Error: An unexpected error has occurred.
